<?xml version="1.0" encoding="UTF-8"?>
<!-- Generated by org.testng.reporters.JUnitReportReporter -->
<testsuite hostname="197NONB8000195" failures="0" tests="1" name="Mobile.Automations.MobileBrowserTest" time="21.337" errors="0" timestamp="2024-01-04T18:57:59 IST" skipped="0">
  <testcase classname="Mobile.Automations.MobileBrowserTest" name="BrowserTest" time="21.337"/>
</testsuite> <!-- Mobile.Automations.MobileBrowserTest -->
